0 info it worked if it ends with ok
1 verbose cli [ '/usr/bin/node', '/usr/bin/npm', 'install' ]
2 info using npm@1.4.28
3 info using node@v0.10.37
4 verbose node symlink /usr/bin/node
5 verbose readDependencies using package.json deps
6 verbose install where, deps [ '/home/hunter/Workspace/SoulKappaIndustries',
6 verbose install   [ 'body-parser',
6 verbose install     'cookie-parser',
6 verbose install     'debug',
6 verbose install     'express',
6 verbose install     'jade',
6 verbose install     'morgan',
6 verbose install     'serve-favicon' ] ]
7 info preinstall SoulKappaIndustries@0.0.0
8 verbose readDependencies using package.json deps
9 verbose cache add [ 'body-parser@~1.13.2', null ]
10 verbose cache add name=undefined spec="body-parser@~1.13.2" args=["body-parser@~1.13.2",null]
11 verbose parsed url { protocol: null,
11 verbose parsed url   slashes: null,
11 verbose parsed url   auth: null,
11 verbose parsed url   host: null,
11 verbose parsed url   port: null,
11 verbose parsed url   hostname: null,
11 verbose parsed url   hash: null,
11 verbose parsed url   search: null,
11 verbose parsed url   query: null,
11 verbose parsed url   pathname: 'body-parser@~1.13.2',
11 verbose parsed url   path: 'body-parser@~1.13.2',
11 verbose parsed url   href: 'body-parser@~1.13.2' }
12 verbose cache add [ 'cookie-parser@~1.3.5', null ]
13 verbose cache add name=undefined spec="cookie-parser@~1.3.5" args=["cookie-parser@~1.3.5",null]
14 verbose parsed url { protocol: null,
14 verbose parsed url   slashes: null,
14 verbose parsed url   auth: null,
14 verbose parsed url   host: null,
14 verbose parsed url   port: null,
14 verbose parsed url   hostname: null,
14 verbose parsed url   hash: null,
14 verbose parsed url   search: null,
14 verbose parsed url   query: null,
14 verbose parsed url   pathname: 'cookie-parser@~1.3.5',
14 verbose parsed url   path: 'cookie-parser@~1.3.5',
14 verbose parsed url   href: 'cookie-parser@~1.3.5' }
15 verbose cache add [ 'debug@~2.2.0', null ]
16 verbose cache add name=undefined spec="debug@~2.2.0" args=["debug@~2.2.0",null]
17 verbose parsed url { protocol: null,
17 verbose parsed url   slashes: null,
17 verbose parsed url   auth: null,
17 verbose parsed url   host: null,
17 verbose parsed url   port: null,
17 verbose parsed url   hostname: null,
17 verbose parsed url   hash: null,
17 verbose parsed url   search: null,
17 verbose parsed url   query: null,
17 verbose parsed url   pathname: 'debug@~2.2.0',
17 verbose parsed url   path: 'debug@~2.2.0',
17 verbose parsed url   href: 'debug@~2.2.0' }
18 verbose cache add [ 'express@~4.13.1', null ]
19 verbose cache add name=undefined spec="express@~4.13.1" args=["express@~4.13.1",null]
20 verbose parsed url { protocol: null,
20 verbose parsed url   slashes: null,
20 verbose parsed url   auth: null,
20 verbose parsed url   host: null,
20 verbose parsed url   port: null,
20 verbose parsed url   hostname: null,
20 verbose parsed url   hash: null,
20 verbose parsed url   search: null,
20 verbose parsed url   query: null,
20 verbose parsed url   pathname: 'express@~4.13.1',
20 verbose parsed url   path: 'express@~4.13.1',
20 verbose parsed url   href: 'express@~4.13.1' }
21 verbose cache add name="body-parser" spec="~1.13.2" args=["body-parser","~1.13.2"]
22 verbose parsed url { protocol: null,
22 verbose parsed url   slashes: null,
22 verbose parsed url   auth: null,
22 verbose parsed url   host: null,
22 verbose parsed url   port: null,
22 verbose parsed url   hostname: null,
22 verbose parsed url   hash: null,
22 verbose parsed url   search: null,
22 verbose parsed url   query: null,
22 verbose parsed url   pathname: '~1.13.2',
22 verbose parsed url   path: '~1.13.2',
22 verbose parsed url   href: '~1.13.2' }
23 verbose addNamed [ 'body-parser', '~1.13.2' ]
24 verbose addNamed [ null, '>=1.13.2-0 <1.14.0-0' ]
25 verbose cache add name="cookie-parser" spec="~1.3.5" args=["cookie-parser","~1.3.5"]
26 verbose parsed url { protocol: null,
26 verbose parsed url   slashes: null,
26 verbose parsed url   auth: null,
26 verbose parsed url   host: null,
26 verbose parsed url   port: null,
26 verbose parsed url   hostname: null,
26 verbose parsed url   hash: null,
26 verbose parsed url   search: null,
26 verbose parsed url   query: null,
26 verbose parsed url   pathname: '~1.3.5',
26 verbose parsed url   path: '~1.3.5',
26 verbose parsed url   href: '~1.3.5' }
27 verbose addNamed [ 'cookie-parser', '~1.3.5' ]
28 verbose addNamed [ null, '>=1.3.5-0 <1.4.0-0' ]
29 verbose cache add name="debug" spec="~2.2.0" args=["debug","~2.2.0"]
30 verbose parsed url { protocol: null,
30 verbose parsed url   slashes: null,
30 verbose parsed url   auth: null,
30 verbose parsed url   host: null,
30 verbose parsed url   port: null,
30 verbose parsed url   hostname: null,
30 verbose parsed url   hash: null,
30 verbose parsed url   search: null,
30 verbose parsed url   query: null,
30 verbose parsed url   pathname: '~2.2.0',
30 verbose parsed url   path: '~2.2.0',
30 verbose parsed url   href: '~2.2.0' }
31 verbose addNamed [ 'debug', '~2.2.0' ]
32 verbose addNamed [ null, '>=2.2.0-0 <2.3.0-0' ]
33 verbose cache add name="express" spec="~4.13.1" args=["express","~4.13.1"]
34 verbose parsed url { protocol: null,
34 verbose parsed url   slashes: null,
34 verbose parsed url   auth: null,
34 verbose parsed url   host: null,
34 verbose parsed url   port: null,
34 verbose parsed url   hostname: null,
34 verbose parsed url   hash: null,
34 verbose parsed url   search: null,
34 verbose parsed url   query: null,
34 verbose parsed url   pathname: '~4.13.1',
34 verbose parsed url   path: '~4.13.1',
34 verbose parsed url   href: '~4.13.1' }
35 verbose addNamed [ 'express', '~4.13.1' ]
36 verbose addNamed [ null, '>=4.13.1-0 <4.14.0-0' ]
37 verbose cache add [ 'jade@~1.11.0', null ]
38 verbose cache add name=undefined spec="jade@~1.11.0" args=["jade@~1.11.0",null]
39 verbose parsed url { protocol: null,
39 verbose parsed url   slashes: null,
39 verbose parsed url   auth: null,
39 verbose parsed url   host: null,
39 verbose parsed url   port: null,
39 verbose parsed url   hostname: null,
39 verbose parsed url   hash: null,
39 verbose parsed url   search: null,
39 verbose parsed url   query: null,
39 verbose parsed url   pathname: 'jade@~1.11.0',
39 verbose parsed url   path: 'jade@~1.11.0',
39 verbose parsed url   href: 'jade@~1.11.0' }
40 verbose cache add [ 'morgan@~1.6.1', null ]
41 verbose cache add name=undefined spec="morgan@~1.6.1" args=["morgan@~1.6.1",null]
42 verbose parsed url { protocol: null,
42 verbose parsed url   slashes: null,
42 verbose parsed url   auth: null,
42 verbose parsed url   host: null,
42 verbose parsed url   port: null,
42 verbose parsed url   hostname: null,
42 verbose parsed url   hash: null,
42 verbose parsed url   search: null,
42 verbose parsed url   query: null,
42 verbose parsed url   pathname: 'morgan@~1.6.1',
42 verbose parsed url   path: 'morgan@~1.6.1',
42 verbose parsed url   href: 'morgan@~1.6.1' }
43 silly lockFile 084551bf-body-parser-1-13-2 body-parser@~1.13.2
44 verbose lock body-parser@~1.13.2 /home/hunter/.npm/084551bf-body-parser-1-13-2.lock
45 silly lockFile 34d2ac1d-cookie-parser-1-3-5 cookie-parser@~1.3.5
46 verbose lock cookie-parser@~1.3.5 /home/hunter/.npm/34d2ac1d-cookie-parser-1-3-5.lock
47 silly lockFile 7986b842-debug-2-2-0 debug@~2.2.0
48 verbose lock debug@~2.2.0 /home/hunter/.npm/7986b842-debug-2-2-0.lock
49 silly lockFile 0f2aa542-express-4-13-1 express@~4.13.1
50 verbose lock express@~4.13.1 /home/hunter/.npm/0f2aa542-express-4-13-1.lock
51 verbose cache add name="jade" spec="~1.11.0" args=["jade","~1.11.0"]
52 verbose parsed url { protocol: null,
52 verbose parsed url   slashes: null,
52 verbose parsed url   auth: null,
52 verbose parsed url   host: null,
52 verbose parsed url   port: null,
52 verbose parsed url   hostname: null,
52 verbose parsed url   hash: null,
52 verbose parsed url   search: null,
52 verbose parsed url   query: null,
52 verbose parsed url   pathname: '~1.11.0',
52 verbose parsed url   path: '~1.11.0',
52 verbose parsed url   href: '~1.11.0' }
53 verbose addNamed [ 'jade', '~1.11.0' ]
54 verbose addNamed [ null, '>=1.11.0-0 <1.12.0-0' ]
55 silly lockFile 963bf43e-jade-1-11-0 jade@~1.11.0
56 verbose lock jade@~1.11.0 /home/hunter/.npm/963bf43e-jade-1-11-0.lock
57 verbose cache add name="morgan" spec="~1.6.1" args=["morgan","~1.6.1"]
58 verbose parsed url { protocol: null,
58 verbose parsed url   slashes: null,
58 verbose parsed url   auth: null,
58 verbose parsed url   host: null,
58 verbose parsed url   port: null,
58 verbose parsed url   hostname: null,
58 verbose parsed url   hash: null,
58 verbose parsed url   search: null,
58 verbose parsed url   query: null,
58 verbose parsed url   pathname: '~1.6.1',
58 verbose parsed url   path: '~1.6.1',
58 verbose parsed url   href: '~1.6.1' }
59 verbose addNamed [ 'morgan', '~1.6.1' ]
60 verbose addNamed [ null, '>=1.6.1-0 <1.7.0-0' ]
61 silly lockFile 2ae14c84-morgan-1-6-1 morgan@~1.6.1
62 verbose lock morgan@~1.6.1 /home/hunter/.npm/2ae14c84-morgan-1-6-1.lock
63 verbose cache add [ 'serve-favicon@~2.3.0', null ]
64 verbose cache add name=undefined spec="serve-favicon@~2.3.0" args=["serve-favicon@~2.3.0",null]
65 verbose parsed url { protocol: null,
65 verbose parsed url   slashes: null,
65 verbose parsed url   auth: null,
65 verbose parsed url   host: null,
65 verbose parsed url   port: null,
65 verbose parsed url   hostname: null,
65 verbose parsed url   hash: null,
65 verbose parsed url   search: null,
65 verbose parsed url   query: null,
65 verbose parsed url   pathname: 'serve-favicon@~2.3.0',
65 verbose parsed url   path: 'serve-favicon@~2.3.0',
65 verbose parsed url   href: 'serve-favicon@~2.3.0' }
66 verbose cache add name="serve-favicon" spec="~2.3.0" args=["serve-favicon","~2.3.0"]
67 verbose parsed url { protocol: null,
67 verbose parsed url   slashes: null,
67 verbose parsed url   auth: null,
67 verbose parsed url   host: null,
67 verbose parsed url   port: null,
67 verbose parsed url   hostname: null,
67 verbose parsed url   hash: null,
67 verbose parsed url   search: null,
67 verbose parsed url   query: null,
67 verbose parsed url   pathname: '~2.3.0',
67 verbose parsed url   path: '~2.3.0',
67 verbose parsed url   href: '~2.3.0' }
68 verbose addNamed [ 'serve-favicon', '~2.3.0' ]
69 verbose addNamed [ null, '>=2.3.0-0 <2.4.0-0' ]
70 silly lockFile 6f0b849e-serve-favicon-2-3-0 serve-favicon@~2.3.0
71 verbose lock serve-favicon@~2.3.0 /home/hunter/.npm/6f0b849e-serve-favicon-2-3-0.lock
72 silly addNameRange { name: 'body-parser',
72 silly addNameRange   range: '>=1.13.2-0 <1.14.0-0',
72 silly addNameRange   hasData: false }
73 silly addNameRange { name: 'cookie-parser',
73 silly addNameRange   range: '>=1.3.5-0 <1.4.0-0',
73 silly addNameRange   hasData: false }
74 silly addNameRange { name: 'debug', range: '>=2.2.0-0 <2.3.0-0', hasData: false }
75 silly addNameRange { name: 'express',
75 silly addNameRange   range: '>=4.13.1-0 <4.14.0-0',
75 silly addNameRange   hasData: false }
76 silly addNameRange { name: 'jade', range: '>=1.11.0-0 <1.12.0-0', hasData: false }
77 silly addNameRange { name: 'morgan', range: '>=1.6.1-0 <1.7.0-0', hasData: false }
78 verbose request where is /jade
79 verbose request registry https://registry.npmjs.org/
80 verbose request id 8b8d68f25d7ffb91
81 verbose url raw /jade
82 verbose url resolving [ 'https://registry.npmjs.org/', './jade' ]
83 verbose url resolved https://registry.npmjs.org/jade
84 verbose request where is https://registry.npmjs.org/jade
85 info trying registry request attempt 1 at 09:53:32
86 http GET https://registry.npmjs.org/jade
87 silly addNameRange { name: 'serve-favicon',
87 silly addNameRange   range: '>=2.3.0-0 <2.4.0-0',
87 silly addNameRange   hasData: false }
88 verbose request where is /debug
89 verbose request registry https://registry.npmjs.org/
90 verbose url raw /debug
91 verbose url resolving [ 'https://registry.npmjs.org/', './debug' ]
92 verbose url resolved https://registry.npmjs.org/debug
93 verbose request where is https://registry.npmjs.org/debug
94 info trying registry request attempt 1 at 09:53:32
95 verbose etag "ERQ5LK33RLD6D09OJOUBD42T8"
96 http GET https://registry.npmjs.org/debug
97 verbose request where is /express
98 verbose request registry https://registry.npmjs.org/
99 verbose url raw /express
100 verbose url resolving [ 'https://registry.npmjs.org/', './express' ]
101 verbose url resolved https://registry.npmjs.org/express
102 verbose request where is https://registry.npmjs.org/express
103 info trying registry request attempt 1 at 09:53:32
104 verbose etag "6ELI0FFJ2QL6PYA5H3UEILK4H"
105 http GET https://registry.npmjs.org/express
106 verbose request where is /body-parser
107 verbose request registry https://registry.npmjs.org/
108 verbose url raw /body-parser
109 verbose url resolving [ 'https://registry.npmjs.org/', './body-parser' ]
110 verbose url resolved https://registry.npmjs.org/body-parser
111 verbose request where is https://registry.npmjs.org/body-parser
112 info trying registry request attempt 1 at 09:53:32
113 verbose etag "9PKIRZR6KBP1YE3ZORX07GL12"
114 http GET https://registry.npmjs.org/body-parser
115 verbose request where is /cookie-parser
116 verbose request registry https://registry.npmjs.org/
117 verbose url raw /cookie-parser
118 verbose url resolving [ 'https://registry.npmjs.org/', './cookie-parser' ]
119 verbose url resolved https://registry.npmjs.org/cookie-parser
120 verbose request where is https://registry.npmjs.org/cookie-parser
121 info trying registry request attempt 1 at 09:53:32
122 verbose etag "5AYIAH868KUBN5152T92Z71XS"
123 http GET https://registry.npmjs.org/cookie-parser
124 verbose request where is /morgan
125 verbose request registry https://registry.npmjs.org/
126 verbose url raw /morgan
127 verbose url resolving [ 'https://registry.npmjs.org/', './morgan' ]
128 verbose url resolved https://registry.npmjs.org/morgan
129 verbose request where is https://registry.npmjs.org/morgan
130 info trying registry request attempt 1 at 09:53:32
131 verbose etag "MK1FUN4PL6RXW6DNJXFB8F3U"
132 http GET https://registry.npmjs.org/morgan
133 verbose request where is /serve-favicon
134 verbose request registry https://registry.npmjs.org/
135 verbose url raw /serve-favicon
136 verbose url resolving [ 'https://registry.npmjs.org/', './serve-favicon' ]
137 verbose url resolved https://registry.npmjs.org/serve-favicon
138 verbose request where is https://registry.npmjs.org/serve-favicon
139 info trying registry request attempt 1 at 09:53:32
140 verbose etag "B224YI62ZEA0PVASJSEFNSQ40"
141 http GET https://registry.npmjs.org/serve-favicon
142 http 304 https://registry.npmjs.org/debug
143 silly registry.get cb [ 304,
143 silly registry.get   { date: 'Tue, 08 Mar 2016 17:53:32 GMT',
143 silly registry.get     via: '1.1 varnish',
143 silly registry.get     'cache-control': 'max-age=300',
143 silly registry.get     etag: '"ERQ5LK33RLD6D09OJOUBD42T8"',
143 silly registry.get     age: '243',
143 silly registry.get     connection: 'keep-alive',
143 silly registry.get     'x-served-by': 'cache-dfw1823-DFW',
143 silly registry.get     'x-cache': 'HIT',
143 silly registry.get     'x-cache-hits': '23',
143 silly registry.get     'x-timer': 'S1457459612.731850,VS0,VE0',
143 silly registry.get     vary: 'Accept' } ]
144 verbose etag https://registry.npmjs.org/debug from cache
145 http 304 https://registry.npmjs.org/express
146 silly registry.get cb [ 304,
146 silly registry.get   { date: 'Tue, 08 Mar 2016 17:53:32 GMT',
146 silly registry.get     via: '1.1 varnish',
146 silly registry.get     'cache-control': 'max-age=300',
146 silly registry.get     etag: '"6ELI0FFJ2QL6PYA5H3UEILK4H"',
146 silly registry.get     age: '41',
146 silly registry.get     connection: 'keep-alive',
146 silly registry.get     'x-served-by': 'cache-dfw1841-DFW',
146 silly registry.get     'x-cache': 'HIT',
146 silly registry.get     'x-cache-hits': '1',
146 silly registry.get     'x-timer': 'S1457459612.733008,VS0,VE1',
146 silly registry.get     vary: 'Accept' } ]
147 verbose etag https://registry.npmjs.org/express from cache
148 silly addNameRange number 2 { name: 'debug', range: '>=2.2.0-0 <2.3.0-0', hasData: true }
149 silly addNameRange versions [ 'debug',
149 silly addNameRange   [ '0.0.1',
149 silly addNameRange     '0.1.0',
149 silly addNameRange     '0.2.0',
149 silly addNameRange     '0.3.0',
149 silly addNameRange     '0.4.0',
149 silly addNameRange     '0.4.1',
149 silly addNameRange     '0.5.0',
149 silly addNameRange     '0.6.0',
149 silly addNameRange     '0.7.0',
149 silly addNameRange     '0.7.1',
149 silly addNameRange     '0.7.2',
149 silly addNameRange     '0.7.3',
149 silly addNameRange     '0.7.4',
149 silly addNameRange     '0.8.0',
149 silly addNameRange     '0.8.1',
149 silly addNameRange     '1.0.0',
149 silly addNameRange     '1.0.1',
149 silly addNameRange     '1.0.2',
149 silly addNameRange     '1.0.3',
149 silly addNameRange     '1.0.4',
149 silly addNameRange     '2.0.0',
149 silly addNameRange     '2.1.0',
149 silly addNameRange     '2.1.1',
149 silly addNameRange     '2.1.2',
149 silly addNameRange     '2.1.3',
149 silly addNameRange     '2.2.0' ] ]
150 verbose addNamed [ 'debug', '2.2.0' ]
151 verbose addNamed [ '2.2.0', '2.2.0' ]
152 silly lockFile 82f99b48-debug-2-2-0 debug@2.2.0
153 verbose lock debug@2.2.0 /home/hunter/.npm/82f99b48-debug-2-2-0.lock
154 silly addNameRange number 2 { name: 'express', range: '>=4.13.1-0 <4.14.0-0', hasData: true }
155 silly addNameRange versions [ 'express',
155 silly addNameRange   [ '0.14.0',
155 silly addNameRange     '0.14.1',
155 silly addNameRange     '1.0.0',
155 silly addNameRange     '1.0.1',
155 silly addNameRange     '1.0.2',
155 silly addNameRange     '1.0.3',
155 silly addNameRange     '1.0.4',
155 silly addNameRange     '1.0.5',
155 silly addNameRange     '1.0.6',
155 silly addNameRange     '1.0.7',
155 silly addNameRange     '1.0.8',
155 silly addNameRange     '2.0.0',
155 silly addNameRange     '2.1.0',
155 silly addNameRange     '2.1.1',
155 silly addNameRange     '2.2.0',
155 silly addNameRange     '2.2.1',
155 silly addNameRange     '2.2.2',
155 silly addNameRange     '2.3.0',
155 silly addNameRange     '2.3.1',
155 silly addNameRange     '2.3.2',
155 silly addNameRange     '2.3.3',
155 silly addNameRange     '2.3.4',
155 silly addNameRange     '2.3.5',
155 silly addNameRange     '2.3.6',
155 silly addNameRange     '2.3.7',
155 silly addNameRange     '2.3.8',
155 silly addNameRange     '2.3.9',
155 silly addNameRange     '2.3.10',
155 silly addNameRange     '2.3.11',
155 silly addNameRange     '2.3.12',
155 silly addNameRange     '2.4.0',
155 silly addNameRange     '2.4.1',
155 silly addNameRange     '2.4.2',
155 silly addNameRange     '2.4.3',
155 silly addNameRange     '2.4.4',
155 silly addNameRange     '2.4.5',
155 silly addNameRange     '2.4.6',
155 silly addNameRange     '2.4.7',
155 silly addNameRange     '2.5.0',
155 silly addNameRange     '2.5.1',
155 silly addNameRange     '2.5.2',
155 silly addNameRange     '2.5.3',
155 silly addNameRange     '2.5.4',
155 silly addNameRange     '2.5.5',
155 silly addNameRange     '2.5.6',
155 silly addNameRange     '2.5.7',
155 silly addNameRange     '2.5.8',
155 silly addNameRange     '2.5.9',
155 silly addNameRange     '2.5.10',
155 silly addNameRange     '2.5.11',
155 silly addNameRange     '3.0.0',
155 silly addNameRange     '3.0.1',
155 silly addNameRange     '3.0.2',
155 silly addNameRange     '3.0.3',
155 silly addNameRange     '3.0.4',
155 silly addNameRange     '3.0.5',
155 silly addNameRange     '3.0.6',
155 silly addNameRange     '3.1.0',
155 silly addNameRange     '3.1.1',
155 silly addNameRange     '3.1.2',
155 silly addNameRange     '3.2.0',
155 silly addNameRange     '3.2.1',
155 silly addNameRange     '3.2.2',
155 silly addNameRange     '3.2.3',
155 silly addNameRange     '3.2.4',
155 silly addNameRange     '3.2.5',
155 silly addNameRange     '3.2.6',
155 silly addNameRange     '3.3.0',
155 silly addNameRange     '3.3.1',
155 silly addNameRange     '3.3.2',
155 silly addNameRange     '3.3.3',
155 silly addNameRange     '3.3.4',
155 silly addNameRange     '3.3.5',
155 silly addNameRange     '3.3.6',
155 silly addNameRange     '1.0.0-beta',
155 silly addNameRange     '1.0.0-beta2',
155 silly addNameRange     '1.0.0-rc',
155 silly addNameRange     '1.0.0-rc2',
155 silly addNameRange     '1.0.0-rc3',
155 silly addNameRange     '1.0.0-rc4',
155 silly addNameRange     '2.0.0-beta',
155 silly addNameRange     '2.0.0-beta2',
155 silly addNameRange     '2.0.0-beta3',
155 silly addNameRange     '2.0.0-rc',
155 silly addNameRange     '2.0.0-rc2',
155 silly addNameRange     '2.0.0-rc3',
155 silly addNameRange     '3.0.0-alpha1',
155 silly addNameRange     '3.0.0-alpha2',
155 silly addNameRange     '3.0.0-alpha3',
155 silly addNameRange     '3.0.0-alpha4',
155 silly addNameRange     '3.0.0-alpha5',
155 silly addNameRange     '3.0.0-beta1',
155 silly addNameRange     '3.0.0-beta2',
155 silly addNameRange     '3.0.0-beta3',
155 silly addNameRange     '3.0.0-beta4',
155 silly addNameRange     '3.0.0-beta6',
155 silly addNameRange     '3.0.0-beta7',
155 silly addNameRange     '3.0.0-rc1',
155 silly addNameRange     '3.0.0-rc2',
155 silly addNameRange     '3.0.0-rc3',
155 silly addNameRange     '3.0.0-rc4',
155 silly addNameRange     '3.0.0-rc5',
155 silly addNameRange     '3.3.7',
155 silly addNameRange     '3.3.8',
155 silly addNameRange     '3.4.0',
155 silly addNameRange     '3.4.1',
155 silly addNameRange     '3.4.2',
155 silly addNameRange     '3.4.3',
155 silly addNameRange     '3.4.4',
155 silly addNameRange     '3.4.5',
155 silly addNameRange     '3.4.6',
155 silly addNameRange     '3.4.7',
155 silly addNameRange     '3.4.8',
155 silly addNameRange     '4.0.0-rc1',
155 silly addNameRange     '4.0.0-rc2',
155 silly addNameRange     '3.5.0',
155 silly addNameRange     '4.0.0-rc3',
155 silly addNameRange     '4.0.0-rc4',
155 silly addNameRange     '3.5.1',
155 silly addNameRange     '4.0.0',
155 silly addNameRange     '3.5.2',
155 silly addNameRange     '4.1.0',
155 silly addNameRange     '4.1.1',
155 silly addNameRange     '3.5.3',
155 silly addNameRange     '4.1.2',
155 silly addNameRange     '3.6.0',
155 silly addNameRange     '4.2.0',
155 silly addNameRange     '3.7.0',
155 silly addNameRange     '3.8.0',
155 silly addNameRange     '4.3.0',
155 silly addNameRange     '4.3.1',
155 silly addNameRange     '3.8.1',
155 silly addNameRange     '4.3.2',
155 silly addNameRange     '3.9.0',
155 silly addNameRange     '4.4.0',
155 silly addNameRange     '4.4.1',
155 silly addNameRange     '3.10.0',
155 silly addNameRange     '3.10.1',
155 silly addNameRange     '3.10.2',
155 silly addNameRange     '3.10.3',
155 silly addNameRange     '3.10.4',
155 silly addNameRange     '4.4.2',
155 silly addNameRange     '3.10.5',
155 silly addNameRange     '4.4.3',
155 silly addNameRange     '3.11.0',
155 silly addNameRange     '4.4.4',
155 silly addNameRange     '3.12.0',
155 silly addNameRange     '3.12.1',
155 silly addNameRange     '4.4.5',
155 silly addNameRange     '3.13.0',
155 silly addNameRange     '4.5.0',
155 silly addNameRange     '4.5.1',
155 silly addNameRange     '3.14.0',
155 silly addNameRange     '4.6.0',
155 silly addNameRange     '4.6.1',
155 silly addNameRange     '3.15.0',
155 silly addNameRange     '4.7.0',
155 silly addNameRange     '3.15.1',
155 silly addNameRange     '4.7.1',
155 silly addNameRange     '3.15.2',
155 silly addNameRange     '4.7.2',
155 silly addNameRange     '4.7.3',
155 silly addNameRange     '3.15.3',
155 silly addNameRange     '4.7.4',
155 silly addNameRange     '3.16.0',
155 silly addNameRange     '4.8.0',
155 silly addNameRange     '3.16.1',
155 silly addNameRange     '4.8.1',
155 silly addNameRange     '3.16.2',
155 silly addNameRange     '4.8.2',
155 silly addNameRange     '3.16.3',
155 silly addNameRange     '3.16.4',
155 silly addNameRange     '4.8.3',
155 silly addNameRange     '3.16.5',
155 silly addNameRange     '3.16.6',
155 silly addNameRange     '4.8.4',
155 silly addNameRange     '3.16.7',
155 silly addNameRange     '4.8.5',
155 silly addNameRange     '3.16.8',
155 silly addNameRange     '4.8.6',
155 silly addNameRange     '3.16.9',
155 silly addNameRange     '4.8.7',
155 silly addNameRange     '3.16.10',
155 silly addNameRange     '4.8.8',
155 silly addNameRange     '3.17.0',
155 silly addNameRange     '3.17.1',
155 silly addNameRange     '4.9.0',
155 silly addNameRange     '3.17.2',
155 silly addNameRange     '4.9.1',
155 silly addNameRange     '4.9.2',
155 silly addNameRange     '3.17.3',
155 silly addNameRange     '4.9.3',
155 silly addNameRange     '3.17.4',
155 silly addNameRange     '4.9.4',
155 silly addNameRange     '3.17.5',
155 silly addNameRange     '4.9.5',
155 silly addNameRange     '3.17.6',
155 silly addNameRange     '3.17.7',
155 silly addNameRange     '4.9.6',
155 silly addNameRange     '4.9.7',
155 silly addNameRange     '3.17.8',
155 silly addNameRange     '4.9.8',
155 silly addNameRange     '3.18.0',
155 silly addNameRange     '3.18.1',
155 silly addNameRange     '4.10.0',
155 silly addNameRange     '3.18.2',
155 silly addNameRange     '4.10.1',
155 silly addNameRange     '5.0.0-alpha.1',
155 silly addNameRange     '3.18.3',
155 silly addNameRange     '4.10.2',
155 silly addNameRange     '3.18.4',
155 silly addNameRange     '4.10.3',
155 silly addNameRange     '4.10.4',
155 silly addNameRange     '4.10.5',
155 silly addNameRange     '3.18.5',
155 silly addNameRange     '3.18.6',
155 silly addNameRange     '4.10.6',
155 silly addNameRange     '4.10.7',
155 silly addNameRange     '3.19.0',
155 silly addNameRange     '4.10.8',
155 silly addNameRange     '4.11.0',
155 silly addNameRange     '3.19.1',
155 silly addNameRange     '4.11.1',
155 silly addNameRange     '3.19.2',
155 silly addNameRange     '4.11.2',
155 silly addNameRange     '3.20.0',
155 silly addNameRange     '4.12.0',
155 silly addNameRange     '3.20.1',
155 silly addNameRange     '4.12.1',
155 silly addNameRange     '4.12.2',
155 silly addNameRange     '3.20.2',
155 silly addNameRange     '4.12.3',
155 silly addNameRange     '3.20.3',
155 silly addNameRange     '4.12.4',
155 silly addNameRange     '3.21.0',
155 silly addNameRange     '4.13.0',
155 silly addNameRange     '3.21.1',
155 silly addNameRange     '4.13.1',
155 silly addNameRange     '5.0.0-alpha.2',
155 silly addNameRange     '3.21.2',
155 silly addNameRange     '4.13.2',
155 silly addNameRange     '4.13.3',
155 silly addNameRange     '4.13.4' ] ]
156 verbose addNamed [ 'express', '4.13.4' ]
157 verbose addNamed [ '4.13.4', '4.13.4' ]
158 silly lockFile 23607823-express-4-13-4 express@4.13.4
159 verbose lock express@4.13.4 /home/hunter/.npm/23607823-express-4-13-4.lock
160 silly lockFile 82f99b48-debug-2-2-0 debug@2.2.0
161 silly lockFile 82f99b48-debug-2-2-0 debug@2.2.0
162 silly lockFile 23607823-express-4-13-4 express@4.13.4
163 silly lockFile 23607823-express-4-13-4 express@4.13.4
164 silly lockFile 7986b842-debug-2-2-0 debug@~2.2.0
165 silly lockFile 7986b842-debug-2-2-0 debug@~2.2.0
166 silly lockFile 0f2aa542-express-4-13-1 express@~4.13.1
167 silly lockFile 0f2aa542-express-4-13-1 express@~4.13.1
168 http 200 https://registry.npmjs.org/cookie-parser
169 silly registry.get cb [ 200,
169 silly registry.get   { server: 'CouchDB/1.5.0 (Erlang OTP/R16B03)',
169 silly registry.get     etag: '"3B19VUZZP8RK4MY4JWOBU0CYH"',
169 silly registry.get     'content-type': 'application/json',
169 silly registry.get     'cache-control': 'max-age=300',
169 silly registry.get     'content-length': '22295',
169 silly registry.get     'accept-ranges': 'bytes',
169 silly registry.get     date: 'Tue, 08 Mar 2016 17:53:32 GMT',
169 silly registry.get     via: '1.1 varnish',
169 silly registry.get     age: '221',
169 silly registry.get     connection: 'keep-alive',
169 silly registry.get     'x-served-by': 'cache-dfw1846-DFW',
169 silly registry.get     'x-cache': 'HIT',
169 silly registry.get     'x-cache-hits': '1',
169 silly registry.get     'x-timer': 'S1457459612.757127,VS0,VE0',
169 silly registry.get     vary: 'Accept' } ]
170 silly addNameRange number 2 { name: 'cookie-parser',
170 silly addNameRange   range: '>=1.3.5-0 <1.4.0-0',
170 silly addNameRange   hasData: true }
171 silly addNameRange versions [ 'cookie-parser',
171 silly addNameRange   [ '1.0.0',
171 silly addNameRange     '1.0.1',
171 silly addNameRange     '1.1.0',
171 silly addNameRange     '1.2.0',
171 silly addNameRange     '1.3.0',
171 silly addNameRange     '1.3.1',
171 silly addNameRange     '1.3.2',
171 silly addNameRange     '1.3.3',
171 silly addNameRange     '1.3.4',
171 silly addNameRange     '1.3.5',
171 silly addNameRange     '1.4.0',
171 silly addNameRange     '1.4.1' ] ]
172 verbose addNamed [ 'cookie-parser', '1.3.5' ]
173 verbose addNamed [ '1.3.5', '1.3.5' ]
174 silly lockFile b6f1abc3-cookie-parser-1-3-5 cookie-parser@1.3.5
175 verbose lock cookie-parser@1.3.5 /home/hunter/.npm/b6f1abc3-cookie-parser-1-3-5.lock
176 silly lockFile 4c901309-e-parser-cookie-parser-1-3-5-tgz https://registry.npmjs.org/cookie-parser/-/cookie-parser-1.3.5.tgz
177 verbose lock https://registry.npmjs.org/cookie-parser/-/cookie-parser-1.3.5.tgz /home/hunter/.npm/4c901309-e-parser-cookie-parser-1-3-5-tgz.lock
178 verbose addRemoteTarball [ 'https://registry.npmjs.org/cookie-parser/-/cookie-parser-1.3.5.tgz',
178 verbose addRemoteTarball   '9d755570fb5d17890771227a02314d9be7cf8356' ]
179 info retry fetch attempt 1 at 09:53:32
180 verbose fetch to= /tmp/npm-3582-Uxp4pleO/registry.npmjs.org/cookie-parser/-/cookie-parser-1.3.5.tgz
181 http GET https://registry.npmjs.org/cookie-parser/-/cookie-parser-1.3.5.tgz
182 http 200 https://registry.npmjs.org/jade
183 silly registry.get cb [ 200,
183 silly registry.get   { server: 'CouchDB/1.5.0 (Erlang OTP/R16B03)',
183 silly registry.get     etag: '"55DIR30XS13DU52X1Q3FU0TSP"',
183 silly registry.get     'content-type': 'application/json',
183 silly registry.get     'cache-control': 'max-age=300',
183 silly registry.get     'content-length': '148432',
183 silly registry.get     'accept-ranges': 'bytes',
183 silly registry.get     date: 'Tue, 08 Mar 2016 17:53:32 GMT',
183 silly registry.get     via: '1.1 varnish',
183 silly registry.get     age: '259',
183 silly registry.get     connection: 'keep-alive',
183 silly registry.get     'x-served-by': 'cache-dfw1824-DFW',
183 silly registry.get     'x-cache': 'HIT',
183 silly registry.get     'x-cache-hits': '1',
183 silly registry.get     'x-timer': 'S1457459612.733003,VS0,VE0',
183 silly registry.get     vary: 'Accept' } ]
184 http 200 https://registry.npmjs.org/body-parser
185 silly registry.get cb [ 200,
185 silly registry.get   { server: 'CouchDB/1.5.0 (Erlang OTP/R16B03)',
185 silly registry.get     etag: '"DJ8TNA8UKZ9BLKI6NBKEJ6RIC"',
185 silly registry.get     'content-type': 'application/json',
185 silly registry.get     'cache-control': 'max-age=300',
185 silly registry.get     'content-length': '115535',
185 silly registry.get     'accept-ranges': 'bytes',
185 silly registry.get     date: 'Tue, 08 Mar 2016 17:53:32 GMT',
185 silly registry.get     via: '1.1 varnish',
185 silly registry.get     age: '138',
185 silly registry.get     connection: 'keep-alive',
185 silly registry.get     'x-served-by': 'cache-dfw1826-DFW',
185 silly registry.get     'x-cache': 'HIT',
185 silly registry.get     'x-cache-hits': '682',
185 silly registry.get     'x-timer': 'S1457459612.733422,VS0,VE0',
185 silly registry.get     vary: 'Accept' } ]
186 http 200 https://registry.npmjs.org/morgan
187 silly registry.get cb [ 200,
187 silly registry.get   { server: 'CouchDB/1.5.0 (Erlang OTP/R16B03)',
187 silly registry.get     etag: '"103BVSA4FR5ILPE12R7W2DKDT"',
187 silly registry.get     'content-type': 'application/json',
187 silly registry.get     'cache-control': 'max-age=300',
187 silly registry.get     'content-length': '45510',
187 silly registry.get     'accept-ranges': 'bytes',
187 silly registry.get     date: 'Tue, 08 Mar 2016 17:53:32 GMT',
187 silly registry.get     via: '1.1 varnish',
187 silly registry.get     age: '286',
187 silly registry.get     connection: 'keep-alive',
187 silly registry.get     'x-served-by': 'cache-dfw1823-DFW',
187 silly registry.get     'x-cache': 'HIT',
187 silly registry.get     'x-cache-hits': '1',
187 silly registry.get     'x-timer': 'S1457459612.767201,VS0,VE0',
187 silly registry.get     vary: 'Accept' } ]
188 silly addNameRange number 2 { name: 'body-parser',
188 silly addNameRange   range: '>=1.13.2-0 <1.14.0-0',
188 silly addNameRange   hasData: true }
189 silly addNameRange versions [ 'body-parser',
189 silly addNameRange   [ '1.0.0',
189 silly addNameRange     '1.0.1',
189 silly addNameRange     '1.0.2',
189 silly addNameRange     '1.1.0',
189 silly addNameRange     '1.1.1',
189 silly addNameRange     '1.1.2',
189 silly addNameRange     '1.2.0',
189 silly addNameRange     '1.2.1',
189 silly addNameRange     '1.2.2',
189 silly addNameRange     '1.3.0',
189 silly addNameRange     '1.3.1',
189 silly addNameRange     '1.4.0',
189 silly addNameRange     '1.4.1',
189 silly addNameRange     '1.4.2',
189 silly addNameRange     '1.4.3',
189 silly addNameRange     '1.5.0',
189 silly addNameRange     '1.5.1',
189 silly addNameRange     '1.5.2',
189 silly addNameRange     '1.6.0',
189 silly addNameRange     '1.6.1',
189 silly addNameRange     '1.6.2',
189 silly addNameRange     '1.6.3',
189 silly addNameRange     '1.6.4',
189 silly addNameRange     '1.6.5',
189 silly addNameRange     '1.6.6',
189 silly addNameRange     '1.6.7',
189 silly addNameRange     '1.7.0',
189 silly addNameRange     '1.8.0',
189 silly addNameRange     '1.8.1',
189 silly addNameRange     '1.8.2',
189 silly addNameRange     '1.8.3',
189 silly addNameRange     '1.8.4',
189 silly addNameRange     '1.9.0',
189 silly addNameRange     '1.9.1',
189 silly addNameRange     '1.9.2',
189 silly addNameRange     '1.9.3',
189 silly addNameRange     '1.10.0',
189 silly addNameRange     '1.10.1',
189 silly addNameRange     '1.10.2',
189 silly addNameRange     '1.11.0',
189 silly addNameRange     '1.12.0',
189 silly addNameRange     '1.12.1',
189 silly addNameRange     '1.12.2',
189 silly addNameRange     '1.12.3',
189 silly addNameRange     '1.12.4',
189 silly addNameRange     '1.13.0',
189 silly addNameRange     '1.13.1',
189 silly addNameRange     '1.13.2',
189 silly addNameRange     '1.13.3',
189 silly addNameRange     '1.14.0',
189 silly addNameRange     '1.14.1',
189 silly addNameRange     '1.14.2',
189 silly addNameRange     '1.15.0' ] ]
190 verbose addNamed [ 'body-parser', '1.13.3' ]
191 verbose addNamed [ '1.13.3', '1.13.3' ]
192 silly lockFile 33d87632-body-parser-1-13-3 body-parser@1.13.3
193 verbose lock body-parser@1.13.3 /home/hunter/.npm/33d87632-body-parser-1-13-3.lock
194 silly addNameRange number 2 { name: 'morgan', range: '>=1.6.1-0 <1.7.0-0', hasData: true }
195 silly addNameRange versions [ 'morgan',
195 silly addNameRange   [ '1.0.0',
195 silly addNameRange     '1.0.1',
195 silly addNameRange     '1.1.0',
195 silly addNameRange     '1.1.1',
195 silly addNameRange     '1.2.0',
195 silly addNameRange     '1.2.1',
195 silly addNameRange     '1.2.2',
195 silly addNameRange     '1.2.3',
195 silly addNameRange     '1.3.0',
195 silly addNameRange     '1.3.1',
195 silly addNameRange     '1.3.2',
195 silly addNameRange     '1.4.0',
195 silly addNameRange     '1.4.1',
195 silly addNameRange     '1.5.0',
195 silly addNameRange     '1.5.1',
195 silly addNameRange     '1.5.2',
195 silly addNameRange     '1.5.3',
195 silly addNameRange     '1.6.0',
195 silly addNameRange     '1.6.1',
195 silly addNameRange     '1.7.0' ] ]
196 verbose addNamed [ 'morgan', '1.6.1' ]
197 verbose addNamed [ '1.6.1', '1.6.1' ]
198 silly lockFile 4ffca82c-morgan-1-6-1 morgan@1.6.1
199 verbose lock morgan@1.6.1 /home/hunter/.npm/4ffca82c-morgan-1-6-1.lock
200 silly addNameRange number 2 { name: 'jade', range: '>=1.11.0-0 <1.12.0-0', hasData: true }
201 silly addNameRange versions [ 'jade',
201 silly addNameRange   [ '0.0.1',
201 silly addNameRange     '0.0.2',
201 silly addNameRange     '0.1.0',
201 silly addNameRange     '0.2.0',
201 silly addNameRange     '0.2.1',
201 silly addNameRange     '0.2.2',
201 silly addNameRange     '0.2.3',
201 silly addNameRange     '0.2.4',
201 silly addNameRange     '0.3.0',
201 silly addNameRange     '0.4.0',
201 silly addNameRange     '0.4.1',
201 silly addNameRange     '0.5.0',
201 silly addNameRange     '0.5.1',
201 silly addNameRange     '0.5.2',
201 silly addNameRange     '0.5.3',
201 silly addNameRange     '0.5.4',
201 silly addNameRange     '0.5.5',
201 silly addNameRange     '0.5.6',
201 silly addNameRange     '0.5.7',
201 silly addNameRange     '0.6.0',
201 silly addNameRange     '0.6.1',
201 silly addNameRange     '0.6.3',
201 silly addNameRange     '0.7.0',
201 silly addNameRange     '0.7.1',
201 silly addNameRange     '0.8.0',
201 silly addNameRange     '0.8.1',
201 silly addNameRange     '0.8.2',
201 silly addNameRange     '0.8.3',
201 silly addNameRange     '0.8.4',
201 silly addNameRange     '0.8.5',
201 silly addNameRange     '0.8.6',
201 silly addNameRange     '0.8.7',
201 silly addNameRange     '0.8.8',
201 silly addNameRange     '0.8.9',
201 silly addNameRange     '0.9.0',
201 silly addNameRange     '0.9.1',
201 silly addNameRange     '0.9.2',
201 silly addNameRange     '0.9.3',
201 silly addNameRange     '0.10.0',
201 silly addNameRange     '0.10.1',
201 silly addNameRange     '0.10.2',
201 silly addNameRange     '0.10.3',
201 silly addNameRange     '0.10.4',
201 silly addNameRange     '0.10.5',
201 silly addNameRange     '0.10.6',
201 silly addNameRange     '0.10.7',
201 silly addNameRange     '0.11.0',
201 silly addNameRange     '0.11.1',
201 silly addNameRange     '0.12.0',
201 silly addNameRange     '0.12.1',
201 silly addNameRange     '0.12.2',
201 silly addNameRange     '0.12.3',
201 silly addNameRange     '0.12.4',
201 silly addNameRange     '0.13.0',
201 silly addNameRange     '0.14.0',
201 silly addNameRange     '0.14.1',
201 silly addNameRange     '0.14.2',
201 silly addNameRange     '0.15.0',
201 silly addNameRange     '0.15.1',
201 silly addNameRange     '0.15.2',
201 silly addNameRange     '0.15.3',
201 silly addNameRange     '0.15.4',
201 silly addNameRange     '0.16.0',
201 silly addNameRange     '0.16.1',
201 silly addNameRange     '0.16.2',
201 silly addNameRange     '0.16.3',
201 silly addNameRange     '0.16.4',
201 silly addNameRange     '0.17.0',
201 silly addNameRange     '0.18.0',
201 silly addNameRange     '0.19.0',
201 silly addNameRange     '0.20.0',
201 silly addNameRange     '0.20.1',
201 silly addNameRange     '0.20.2',
201 silly addNameRange     '0.20.3',
201 silly addNameRange     '0.21.0',
201 silly addNameRange     '0.22.0',
201 silly addNameRange     '0.22.1',
201 silly addNameRange     '0.23.0',
201 silly addNameRange     '0.24.0',
201 silly addNameRange     '0.25.0',
201 silly addNameRange     '0.26.0',
201 silly addNameRange     '0.26.1',
201 silly addNameRange     '0.26.2',
201 silly addNameRange     '0.26.3',
201 silly addNameRange     '0.27.0',
201 silly addNameRange     '0.27.1',
201 silly addNameRange     '0.27.2',
201 silly addNameRange     '0.27.3',
201 silly addNameRange     '0.27.4',
201 silly addNameRange     '0.27.5',
201 silly addNameRange     '0.27.6',
201 silly addNameRange     '0.27.7',
201 silly addNameRange     '0.28.0',
201 silly addNameRange     '0.28.1',
201 silly addNameRange     '0.28.2',
201 silly addNameRange     '0.29.0',
201 silly addNameRange     '0.30.0',
201 silly addNameRange     '0.31.0',
201 silly addNameRange     '0.31.1',
201 silly addNameRange     '0.31.2',
201 silly addNameRange     '0.32.0',
201 silly addNameRange     '0.33.0',
201 silly addNameRange     '0.34.0',
201 silly addNameRange     '0.34.1',
201 silly addNameRange     '0.35.0',
201 silly addNameRange     '1.0.0',
201 silly addNameRange     '1.0.1',
201 silly addNameRange     '1.0.2',
201 silly addNameRange     '1.1.0',
201 silly addNameRange     '1.1.1',
201 silly addNameRange     '1.1.2',
201 silly addNameRange     '1.1.3',
201 silly addNameRange     '1.1.4',
201 silly addNameRange     '1.1.5',
201 silly addNameRange     '1.2.0',
201 silly addNameRange     '1.3.0',
201 silly addNameRange     '1.3.1',
201 silly addNameRange     '1.4.0',
201 silly addNameRange     '1.4.1',
201 silly addNameRange     '1.4.2',
201 silly addNameRange     '1.5.0',
201 silly addNameRange     '1.6.0',
201 silly addNameRange     '1.7.0',
201 silly addNameRange     '1.8.0',
201 silly addNameRange     '1.8.1',
201 silly addNameRange     '1.8.2',
201 silly addNameRange     '1.9.0',
201 silly addNameRange     '1.9.1',
201 silly addNameRange     '1.9.2',
201 silly addNameRange     '1.10.0',
201 silly addNameRange     '1.11.0' ] ]
202 verbose addNamed [ 'jade', '1.11.0' ]
203 verbose addNamed [ '1.11.0', '1.11.0' ]
204 silly lockFile 3da033ff-jade-1-11-0 jade@1.11.0
205 verbose lock jade@1.11.0 /home/hunter/.npm/3da033ff-jade-1-11-0.lock
206 silly lockFile 1aa5e187-dy-parser-body-parser-1-13-3-tgz https://registry.npmjs.org/body-parser/-/body-parser-1.13.3.tgz
207 verbose lock https://registry.npmjs.org/body-parser/-/body-parser-1.13.3.tgz /home/hunter/.npm/1aa5e187-dy-parser-body-parser-1-13-3-tgz.lock
208 silly lockFile d7f8e295-y-npmjs-org-jade-jade-1-11-0-tgz https://registry.npmjs.org/jade/-/jade-1.11.0.tgz
209 verbose lock https://registry.npmjs.org/jade/-/jade-1.11.0.tgz /home/hunter/.npm/d7f8e295-y-npmjs-org-jade-jade-1-11-0-tgz.lock
210 silly lockFile 0ef8c228-pmjs-org-morgan-morgan-1-6-1-tgz https://registry.npmjs.org/morgan/-/morgan-1.6.1.tgz
211 verbose lock https://registry.npmjs.org/morgan/-/morgan-1.6.1.tgz /home/hunter/.npm/0ef8c228-pmjs-org-morgan-morgan-1-6-1-tgz.lock
212 verbose addRemoteTarball [ 'https://registry.npmjs.org/body-parser/-/body-parser-1.13.3.tgz',
212 verbose addRemoteTarball   'c08cf330c3358e151016a05746f13f029c97fa97' ]
213 verbose addRemoteTarball [ 'https://registry.npmjs.org/jade/-/jade-1.11.0.tgz',
213 verbose addRemoteTarball   '9c80e538c12d3fb95c8d9bb9559fa0cc040405fd' ]
214 verbose addRemoteTarball [ 'https://registry.npmjs.org/morgan/-/morgan-1.6.1.tgz',
214 verbose addRemoteTarball   '5fd818398c6819cba28a7cd6664f292fe1c0bbf2' ]
215 info retry fetch attempt 1 at 09:53:32
216 verbose fetch to= /tmp/npm-3582-Uxp4pleO/registry.npmjs.org/body-parser/-/body-parser-1.13.3.tgz
217 info retry fetch attempt 1 at 09:53:32
218 verbose fetch to= /tmp/npm-3582-Uxp4pleO/registry.npmjs.org/jade/-/jade-1.11.0.tgz
219 info retry fetch attempt 1 at 09:53:32
220 verbose fetch to= /tmp/npm-3582-Uxp4pleO/registry.npmjs.org/morgan/-/morgan-1.6.1.tgz
221 http GET https://registry.npmjs.org/body-parser/-/body-parser-1.13.3.tgz
222 http GET https://registry.npmjs.org/jade/-/jade-1.11.0.tgz
223 http GET https://registry.npmjs.org/morgan/-/morgan-1.6.1.tgz
224 http 200 https://registry.npmjs.org/cookie-parser/-/cookie-parser-1.3.5.tgz
225 silly lockFile 4c901309-e-parser-cookie-parser-1-3-5-tgz https://registry.npmjs.org/cookie-parser/-/cookie-parser-1.3.5.tgz
226 silly lockFile 4c901309-e-parser-cookie-parser-1-3-5-tgz https://registry.npmjs.org/cookie-parser/-/cookie-parser-1.3.5.tgz
227 silly lockFile b6f1abc3-cookie-parser-1-3-5 cookie-parser@1.3.5
228 silly lockFile b6f1abc3-cookie-parser-1-3-5 cookie-parser@1.3.5
229 silly lockFile 34d2ac1d-cookie-parser-1-3-5 cookie-parser@~1.3.5
230 silly lockFile 34d2ac1d-cookie-parser-1-3-5 cookie-parser@~1.3.5
231 http 200 https://registry.npmjs.org/body-parser/-/body-parser-1.13.3.tgz
232 silly lockFile 1aa5e187-dy-parser-body-parser-1-13-3-tgz https://registry.npmjs.org/body-parser/-/body-parser-1.13.3.tgz
233 silly lockFile 1aa5e187-dy-parser-body-parser-1-13-3-tgz https://registry.npmjs.org/body-parser/-/body-parser-1.13.3.tgz
234 silly lockFile 33d87632-body-parser-1-13-3 body-parser@1.13.3
235 silly lockFile 33d87632-body-parser-1-13-3 body-parser@1.13.3
236 silly lockFile 084551bf-body-parser-1-13-2 body-parser@~1.13.2
237 silly lockFile 084551bf-body-parser-1-13-2 body-parser@~1.13.2
238 http 200 https://registry.npmjs.org/jade/-/jade-1.11.0.tgz
239 http 200 https://registry.npmjs.org/morgan/-/morgan-1.6.1.tgz
240 silly lockFile 0ef8c228-pmjs-org-morgan-morgan-1-6-1-tgz https://registry.npmjs.org/morgan/-/morgan-1.6.1.tgz
241 silly lockFile 0ef8c228-pmjs-org-morgan-morgan-1-6-1-tgz https://registry.npmjs.org/morgan/-/morgan-1.6.1.tgz
242 silly lockFile 4ffca82c-morgan-1-6-1 morgan@1.6.1
243 silly lockFile 4ffca82c-morgan-1-6-1 morgan@1.6.1
244 silly lockFile 2ae14c84-morgan-1-6-1 morgan@~1.6.1
245 silly lockFile 2ae14c84-morgan-1-6-1 morgan@~1.6.1
246 http 200 https://registry.npmjs.org/serve-favicon
247 silly registry.get cb [ 200,
247 silly registry.get   { server: 'CouchDB/1.5.0 (Erlang OTP/R16B03)',
247 silly registry.get     etag: '"2JR1VRSB90S7X148M9UFOCAOT"',
247 silly registry.get     'content-type': 'application/json',
247 silly registry.get     'cache-control': 'max-age=300',
247 silly registry.get     'content-length': '24272',
247 silly registry.get     'accept-ranges': 'bytes',
247 silly registry.get     date: 'Tue, 08 Mar 2016 17:53:33 GMT',
247 silly registry.get     via: '1.1 varnish',
247 silly registry.get     age: '0',
247 silly registry.get     connection: 'keep-alive',
247 silly registry.get     'x-served-by': 'cache-dfw1841-DFW',
247 silly registry.get     'x-cache': 'HIT',
247 silly registry.get     'x-cache-hits': '1',
247 silly registry.get     'x-timer': 'S1457459612.770182,VS0,VE254',
247 silly registry.get     vary: 'Accept' } ]
248 silly addNameRange number 2 { name: 'serve-favicon',
248 silly addNameRange   range: '>=2.3.0-0 <2.4.0-0',
248 silly addNameRange   hasData: true }
249 silly addNameRange versions [ 'serve-favicon',
249 silly addNameRange   [ '2.0.0',
249 silly addNameRange     '2.0.1',
249 silly addNameRange     '2.1.0',
249 silly addNameRange     '2.1.1',
249 silly addNameRange     '2.1.2',
249 silly addNameRange     '2.1.3',
249 silly addNameRange     '2.1.4',
249 silly addNameRange     '2.1.5',
249 silly addNameRange     '2.1.6',
249 silly addNameRange     '2.1.7',
249 silly addNameRange     '2.2.0',
249 silly addNameRange     '2.2.1',
249 silly addNameRange     '2.3.0' ] ]
250 verbose addNamed [ 'serve-favicon', '2.3.0' ]
251 verbose addNamed [ '2.3.0', '2.3.0' ]
252 silly lockFile d210d889-serve-favicon-2-3-0 serve-favicon@2.3.0
253 verbose lock serve-favicon@2.3.0 /home/hunter/.npm/d210d889-serve-favicon-2-3-0.lock
254 silly lockFile 9e8d5f8a--favicon-serve-favicon-2-3-0-tgz https://registry.npmjs.org/serve-favicon/-/serve-favicon-2.3.0.tgz
255 verbose lock https://registry.npmjs.org/serve-favicon/-/serve-favicon-2.3.0.tgz /home/hunter/.npm/9e8d5f8a--favicon-serve-favicon-2-3-0-tgz.lock
256 verbose addRemoteTarball [ 'https://registry.npmjs.org/serve-favicon/-/serve-favicon-2.3.0.tgz',
256 verbose addRemoteTarball   'aed36cc6834069a6f189cc7222c6a1a811dc5b39' ]
257 info retry fetch attempt 1 at 09:53:33
258 verbose fetch to= /tmp/npm-3582-Uxp4pleO/registry.npmjs.org/serve-favicon/-/serve-favicon-2.3.0.tgz
259 http GET https://registry.npmjs.org/serve-favicon/-/serve-favicon-2.3.0.tgz
260 silly lockFile d7f8e295-y-npmjs-org-jade-jade-1-11-0-tgz https://registry.npmjs.org/jade/-/jade-1.11.0.tgz
261 silly lockFile d7f8e295-y-npmjs-org-jade-jade-1-11-0-tgz https://registry.npmjs.org/jade/-/jade-1.11.0.tgz
262 silly lockFile 3da033ff-jade-1-11-0 jade@1.11.0
263 silly lockFile 3da033ff-jade-1-11-0 jade@1.11.0
264 silly lockFile 963bf43e-jade-1-11-0 jade@~1.11.0
265 silly lockFile 963bf43e-jade-1-11-0 jade@~1.11.0
266 http 200 https://registry.npmjs.org/serve-favicon/-/serve-favicon-2.3.0.tgz
267 silly lockFile 9e8d5f8a--favicon-serve-favicon-2-3-0-tgz https://registry.npmjs.org/serve-favicon/-/serve-favicon-2.3.0.tgz
268 silly lockFile 9e8d5f8a--favicon-serve-favicon-2-3-0-tgz https://registry.npmjs.org/serve-favicon/-/serve-favicon-2.3.0.tgz
269 silly lockFile d210d889-serve-favicon-2-3-0 serve-favicon@2.3.0
270 silly lockFile d210d889-serve-favicon-2-3-0 serve-favicon@2.3.0
271 silly lockFile 6f0b849e-serve-favicon-2-3-0 serve-favicon@~2.3.0
272 silly lockFile 6f0b849e-serve-favicon-2-3-0 serve-favicon@~2.3.0
273 error Error: EACCES, mkdir '/home/hunter/.npm/cookie-parser/1.3.5'
273 error  { [Error: EACCES, mkdir '/home/hunter/.npm/cookie-parser/1.3.5']
273 error   errno: 3,
273 error   code: 'EACCES',
273 error   path: '/home/hunter/.npm/cookie-parser/1.3.5',
273 error   parent: 'SoulKappaIndustries' }
274 error Please try running this command again as root/Administrator.
275 error System Linux 3.19.0-25-generic
276 error command "/usr/bin/node" "/usr/bin/npm" "install"
277 error cwd /home/hunter/Workspace/SoulKappaIndustries
278 error node -v v0.10.37
279 error npm -v 1.4.28
280 error path /home/hunter/.npm/cookie-parser/1.3.5
281 error code EACCES
282 error errno 3
283 error stack Error: EACCES, mkdir '/home/hunter/.npm/cookie-parser/1.3.5'
284 verbose exit [ 3, true ]
